 Sub Club Convergence ===================
        b-coef   t-stat
const  -6.464  -18.300 
logt    1.119   12.101 
 First convergence club      12       17 
                  
 Check if the rest group forms the other convergent club
        b-coef   t-stat
const  -0.701  -47.390 
logt   -0.519 -134.024 
Since t-stat < -1.65, repeat clustering procedures
=========================================================
       2 converent club test
        b-coef   t-stat
const  -5.547  -20.175 
logt    0.743   10.324 
       2 club
      14       16       18 
                           
 Check if the rest group forms the other convergent club
        b-coef   t-stat
const  -0.701  -40.996 
logt   -0.519 -115.850 
Since t-stat < -1.65, repeat clustering procedures
=========================================================
       3 converent club test
        b-coef   t-stat
const  -2.750   -7.574 
logt    0.115    1.214 
       3 club
       6       15 
                  
 Check if the rest group forms the other convergent club
        b-coef   t-stat
const  -0.700  -36.685 
logt   -0.519 -103.947 
Since t-stat < -1.65, repeat clustering procedures
=========================================================
       4 converent club test
        b-coef   t-stat
const  -6.704  -15.630 
logt    1.026    9.138 
       4 club
       1        3       11 
                           
 Check if the rest group forms the other convergent club
        b-coef   t-stat
const  -0.573  -99.124 
logt   -0.554 -366.118 
Since t-stat < -1.65, repeat clustering procedures
=========================================================
       5 converent club test
        b-coef   t-stat
const -11.792   -2.951 
logt    2.835    2.709 
       5 club
       5        9       20 
                           
 Check if the rest group forms the other convergent club
        b-coef   t-stat
const  -0.701  -45.891 
logt   -0.518 -129.565 
Since t-stat < -1.65, repeat clustering procedures
=========================================================
