c3       c21      c26      c27      
c6       c7       c15      
c4       c14      c23      
c2       c19      
c30      
c22      
c20      
c18      
c17      
c16      
c13      
c12      
c11      
c10      
c9       
c8       
c24      
c5       
c25      
c28      
c29      
c1       
brkpnt
c2       c5       c16      c17      c19      
c3       c21      c24      c26      c27      
c6       c7       c11      c12      c15      
c8       c10      c13      c18      c20      
c22      c28      c29      c30      
c4       c14      c23      c25      
c1       
c9       
